5:11:50 PM > ------ Log Starts Saturday, August 25, 2012 (8/25/2012) ------
5:11:50 PM > Working directory: C:\Users\Jonah\Desktop\Legend Craft\Legend Craft Source v1.0.0\bin\Debug
5:11:50 PM > Log path: C:\Users\Jonah\Desktop\Legend Craft\Legend Craft Source v1.0.0\bin\Debug\logs
5:11:50 PM > Map path: C:\Users\Jonah\Desktop\Legend Craft\Legend Craft Source v1.0.0\bin\Debug\maps
5:11:50 PM > Config path: C:\Users\Jonah\Desktop\Legend Craft\Legend Craft Source v1.0.0\bin\Debug\config.xml
5:11:59 PM > ------ Log Starts Saturday, August 25, 2012 (8/25/2012) ------
5:12:00 PM > Working directory: C:\Users\Jonah\Desktop\Legend Craft\Legend Craft Source v1.0.0\bin\Debug
5:12:00 PM > Log path: C:\Users\Jonah\Desktop\Legend Craft\Legend Craft Source v1.0.0\bin\Debug\logs
5:12:00 PM > Map path: C:\Users\Jonah\Desktop\Legend Craft\Legend Craft Source v1.0.0\bin\Debug\maps
5:12:00 PM > Config path: C:\Users\Jonah\Desktop\Legend Craft\Legend Craft Source v1.0.0\bin\Debug\config.xml
5:12:00 PM > Config.Load: Config file config.xml loaded succesfully.
5:19:16 PM > ------ Log Starts Saturday, August 25, 2012 (8/25/2012) ------
5:19:16 PM > Working directory: C:\Users\Jonah\Desktop\Legend Craft\Legend Craft Source v1.0.0\bin\Debug
5:19:16 PM > Log path: C:\Users\Jonah\Desktop\Legend Craft\Legend Craft Source v1.0.0\bin\Debug\logs
5:19:16 PM > Map path: C:\Users\Jonah\Desktop\Legend Craft\Legend Craft Source v1.0.0\bin\Debug\maps
5:19:16 PM > Config path: C:\Users\Jonah\Desktop\Legend Craft\Legend Craft Source v1.0.0\bin\Debug\config.xml
5:19:16 PM > Config.Load: Config file config.xml loaded succesfully.
7:50:04 PM > ------ Log Starts Saturday, August 25, 2012 (8/25/2012) ------
7:50:04 PM > Working directory: C:\Users\Jonah\Desktop\Legend Craft\Legend Craft Source v1.0.0\bin\Debug
7:50:04 PM > Log path: C:\Users\Jonah\Desktop\Legend Craft\Legend Craft Source v1.0.0\bin\Debug\logs
7:50:04 PM > Map path: C:\Users\Jonah\Desktop\Legend Craft\Legend Craft Source v1.0.0\bin\Debug\maps
7:50:04 PM > Config path: C:\Users\Jonah\Desktop\Legend Craft\Legend Craft Source v1.0.0\bin\Debug\config.xml
7:50:04 PM > Config.Load: Config file config.xml loaded succesfully.
9:43:25 PM > ------ Log Starts Saturday, August 25, 2012 (8/25/2012) ------
9:43:25 PM > Working directory: C:\Users\Jonah\Desktop\Legend Craft\Legend Craft Source v1.0.0\bin\Debug
9:43:25 PM > Log path: C:\Users\Jonah\Desktop\Legend Craft\Legend Craft Source v1.0.0\bin\Debug\logs
9:43:25 PM > Map path: C:\Users\Jonah\Desktop\Legend Craft\Legend Craft Source v1.0.0\bin\Debug\maps
9:43:25 PM > Config path: C:\Users\Jonah\Desktop\Legend Craft\Legend Craft Source v1.0.0\bin\Debug\config.xml
9:43:25 PM > Config.Load: Config file config.xml loaded succesfully.
9:43:32 PM > ------ Log Starts Saturday, August 25, 2012 (8/25/2012) ------
9:43:32 PM > Working directory: C:\Users\Jonah\Desktop\Legend Craft\Legend Craft Source v1.0.0\bin\Debug
9:43:32 PM > Log path: C:\Users\Jonah\Desktop\Legend Craft\Legend Craft Source v1.0.0\bin\Debug\logs
9:43:32 PM > Map path: C:\Users\Jonah\Desktop\Legend Craft\Legend Craft Source v1.0.0\bin\Debug\maps
9:43:32 PM > Config path: C:\Users\Jonah\Desktop\Legend Craft\Legend Craft Source v1.0.0\bin\Debug\config.xml
9:43:32 PM > Config.Load: Config file config.xml loaded succesfully.
11:44:22 AM > ------ Log Starts Monday, August 27, 2012 (8/27/2012) ------
11:44:22 AM > Working directory: C:\Users\Jonah\Desktop\Legend Craft\Legend Craft Source\bin\Debug
11:44:22 AM > Log path: C:\Users\Jonah\Desktop\Legend Craft\Legend Craft Source\bin\Debug\logs
11:44:22 AM > Map path: C:\Users\Jonah\Desktop\Legend Craft\Legend Craft Source\bin\Debug\maps
11:44:22 AM > Config path: C:\Users\Jonah\Desktop\Legend Craft\Legend Craft Source\bin\Debug\config.xml
11:44:23 AM > Config.Load: Config file config.xml loaded succesfully.
12:33:07 PM > ------ Log Starts Monday, August 27, 2012 (8/27/2012) ------
12:33:07 PM > Working directory: C:\Users\Jonah\Desktop\Legend Craft\Legend Craft Source\bin\Debug
12:33:07 PM > Log path: C:\Users\Jonah\Desktop\Legend Craft\Legend Craft Source\bin\Debug\logs
12:33:07 PM > Map path: C:\Users\Jonah\Desktop\Legend Craft\Legend Craft Source\bin\Debug\maps
12:33:07 PM > Config path: C:\Users\Jonah\Desktop\Legend Craft\Legend Craft Source\bin\Debug\config.xml
12:33:07 PM > Config.Load: Config file config.xml loaded succesfully.
12:38:32 PM > ------ Log Starts Monday, August 27, 2012 (8/27/2012) ------
12:38:32 PM > Working directory: C:\Users\Jonah\Desktop\Legend Craft\Legend Craft Source\bin\Debug
12:38:32 PM > Log path: C:\Users\Jonah\Desktop\Legend Craft\Legend Craft Source\bin\Debug\logs
12:38:32 PM > Map path: C:\Users\Jonah\Desktop\Legend Craft\Legend Craft Source\bin\Debug\maps
12:38:32 PM > Config path: C:\Users\Jonah\Desktop\Legend Craft\Legend Craft Source\bin\Debug\config.xml
12:38:32 PM > Config.Load: Config file config.xml loaded succesfully.
12:38:48 PM > ------ Log Starts Monday, August 27, 2012 (8/27/2012) ------
12:38:48 PM > Working directory: C:\Users\Jonah\Desktop\Legend Craft\Legend Craft Source\bin\Debug
12:38:48 PM > Log path: C:\Users\Jonah\Desktop\Legend Craft\Legend Craft Source\bin\Debug\logs
12:38:48 PM > Map path: C:\Users\Jonah\Desktop\Legend Craft\Legend Craft Source\bin\Debug\maps
12:38:48 PM > Config path: C:\Users\Jonah\Desktop\Legend Craft\Legend Craft Source\bin\Debug\config.xml
12:38:55 PM > ------ Log Starts Monday, August 27, 2012 (8/27/2012) ------
12:38:55 PM > Working directory: C:\Users\Jonah\Desktop\Legend Craft\Legend Craft Source\bin\Debug
12:38:55 PM > Log path: C:\Users\Jonah\Desktop\Legend Craft\Legend Craft Source\bin\Debug\logs
12:38:55 PM > Map path: C:\Users\Jonah\Desktop\Legend Craft\Legend Craft Source\bin\Debug\maps
12:38:55 PM > Config path: C:\Users\Jonah\Desktop\Legend Craft\Legend Craft Source\bin\Debug\config.xml
3:46:59 PM > ------ Log Starts Tuesday, August 28, 2012 (8/28/2012) ------
3:46:59 PM > Working directory: C:\Users\Jonah\Desktop\Legend Craft\Legend Craft Source\bin\Debug
3:46:59 PM > Log path: C:\Users\Jonah\Desktop\Legend Craft\Legend Craft Source\bin\Debug\logs
3:46:59 PM > Map path: C:\Users\Jonah\Desktop\Legend Craft\Legend Craft Source\bin\Debug\maps
3:46:59 PM > Config path: C:\Users\Jonah\Desktop\Legend Craft\Legend Craft Source\bin\Debug\config.xml
3:47:00 PM > Config.Load: Config file config.xml loaded succesfully.
3:47:00 PM > PlayerDB.Load: Done loading player DB (0 records) in 35ms. MaxID=255
3:47:00 PM > IPBanList.Load: Done loading IP ban list (0 records).
3:50:37 PM > ------ Log Starts Tuesday, August 28, 2012 (8/28/2012) ------
3:50:37 PM > Working directory: C:\Users\Jonah\Desktop\Legend Craft\Legend Craft Source\bin\Debug
3:50:37 PM > Log path: C:\Users\Jonah\Desktop\Legend Craft\Legend Craft Source\bin\Debug\logs
3:50:37 PM > Map path: C:\Users\Jonah\Desktop\Legend Craft\Legend Craft Source\bin\Debug\maps
3:50:37 PM > Config path: C:\Users\Jonah\Desktop\Legend Craft\Legend Craft Source\bin\Debug\config.xml
3:50:37 PM > Config.Load: Config file config.xml loaded succesfully.
3:50:37 PM > PlayerDB.Load: Done loading player DB (0 records) in 11ms. MaxID=255
3:50:37 PM > IPBanList.Load: Done loading IP ban list (0 records).
3:50:43 PM > ------ Log Starts Tuesday, August 28, 2012 (8/28/2012) ------
3:50:43 PM > Working directory: C:\Users\Jonah\Desktop\Legend Craft\Legend Craft Source\bin\Debug
3:50:43 PM > Log path: C:\Users\Jonah\Desktop\Legend Craft\Legend Craft Source\bin\Debug\logs
3:50:43 PM > Map path: C:\Users\Jonah\Desktop\Legend Craft\Legend Craft Source\bin\Debug\maps
3:50:43 PM > Config path: C:\Users\Jonah\Desktop\Legend Craft\Legend Craft Source\bin\Debug\config.xml
3:50:43 PM > Config.Load: Config file config.xml loaded succesfully.
3:50:44 PM > PlayerDB.Load: Done loading player DB (0 records) in 25ms. MaxID=255
3:50:44 PM > IPBanList.Load: Done loading IP ban list (0 records).
3:51:32 PM > ------ Log Starts Tuesday, August 28, 2012 (8/28/2012) ------
3:51:32 PM > Working directory: C:\Users\Jonah\Desktop\Legend Craft\Legend Craft Source\bin\Debug
3:51:32 PM > Log path: C:\Users\Jonah\Desktop\Legend Craft\Legend Craft Source\bin\Debug\logs
3:51:32 PM > Map path: C:\Users\Jonah\Desktop\Legend Craft\Legend Craft Source\bin\Debug\maps
3:51:32 PM > Config path: C:\Users\Jonah\Desktop\Legend Craft\Legend Craft Source\bin\Debug\config.xml
3:51:33 PM > Config.Load: Config file config.xml loaded succesfully.
3:51:33 PM > PlayerDB.Load: Done loading player DB (0 records) in 11ms. MaxID=255
3:51:33 PM > IPBanList.Load: Done loading IP ban list (0 records).
4:19:21 PM > ------ Log Starts Tuesday, August 28, 2012 (8/28/2012) ------
4:19:21 PM > Working directory: C:\Users\Jonah\Desktop\Legend Craft\Legend Craft Source\bin\Debug
4:19:21 PM > Log path: C:\Users\Jonah\Desktop\Legend Craft\Legend Craft Source\bin\Debug\logs
4:19:21 PM > Map path: C:\Users\Jonah\Desktop\Legend Craft\Legend Craft Source\bin\Debug\maps
4:19:21 PM > Config path: C:\Users\Jonah\Desktop\Legend Craft\Legend Craft Source\bin\Debug\config.xml
4:19:21 PM > Config.Load: Config file config.xml loaded succesfully.
4:19:21 PM > PlayerDB.Load: Done loading player DB (0 records) in 11ms. MaxID=255
4:19:21 PM > IPBanList.Load: Done loading IP ban list (0 records).
4:27:21 PM > ------ Log Starts Tuesday, August 28, 2012 (8/28/2012) ------
4:27:21 PM > Working directory: C:\Users\Jonah\Desktop\Legend Craft\Legend Craft Source\bin\Debug
4:27:21 PM > Log path: C:\Users\Jonah\Desktop\Legend Craft\Legend Craft Source\bin\Debug\logs
4:27:21 PM > Map path: C:\Users\Jonah\Desktop\Legend Craft\Legend Craft Source\bin\Debug\maps
4:27:21 PM > Config path: C:\Users\Jonah\Desktop\Legend Craft\Legend Craft Source\bin\Debug\config.xml
4:27:21 PM > Config.Load: Config file config.xml loaded succesfully.
4:29:27 PM > ------ Log Starts Tuesday, August 28, 2012 (8/28/2012) ------
4:29:27 PM > Working directory: C:\Users\Jonah\Desktop\Legend Craft\Legend Craft Source\bin\Debug
4:29:27 PM > Log path: C:\Users\Jonah\Desktop\Legend Craft\Legend Craft Source\bin\Debug\logs
4:29:27 PM > Map path: C:\Users\Jonah\Desktop\Legend Craft\Legend Craft Source\bin\Debug\maps
4:29:27 PM > Config path: C:\Users\Jonah\Desktop\Legend Craft\Legend Craft Source\bin\Debug\config.xml
4:29:27 PM > Config.Load: Config file config.xml loaded succesfully.
4:29:27 PM > PlayerDB.Load: Done loading player DB (0 records) in 11ms. MaxID=255
4:29:27 PM > IPBanList.Load: Done loading IP ban list (0 records).
4:29:27 PM > CommandManager: 186 commands registered (6 hidden, 144 aliases)
4:29:27 PM > PluginManager: No plugins found
4:29:27 PM > Checking for 800Craft updates...
4:29:28 PM > ERROR: An error occured while trying to check for updates: System.Net.WebException: The remote server returned an error: (404) Not Found.
4:29:28 PM > Backed up server data to "databackups\LegendCraftData_20120828_16-29-28.zip"
4:29:28 PM > ERROR: Server.Start: Could not load any of the specified worlds, or no worlds were specified. Creating default "main" world.
4:29:28 PM > Saved map to C:\Users\Jonah\Desktop\Legend Craft\Legend Craft Source\bin\Debug\maps\main.fcm
4:29:29 PM > Server.Run: now accepting connections at 67.86.92.193:25565
4:29:29 PM > All available worlds: main
4:29:29 PM > Main world: main; default rank: guest
4:29:29 PM > WoM Direct heartbeat is enabled. To edit your server's appearence on the server list, see https://direct.worldofminecraft.com/server.php?ip=67.86.92.193&port=25565&salt=bfBWGaWVxHiVlyXT8CCymPTBUWBpg49J
4:29:29 PM > Warning: PortalDB file does not exist.
4:36:35 PM > ------ Log Starts Tuesday, August 28, 2012 (8/28/2012) ------
4:36:35 PM > Working directory: C:\Users\Jonah\Desktop\Legend Craft\Legend Craft Source\bin\Debug
4:36:35 PM > Log path: C:\Users\Jonah\Desktop\Legend Craft\Legend Craft Source\bin\Debug\logs
4:36:35 PM > Map path: C:\Users\Jonah\Desktop\Legend Craft\Legend Craft Source\bin\Debug\maps
4:36:35 PM > Config path: C:\Users\Jonah\Desktop\Legend Craft\Legend Craft Source\bin\Debug\config.xml
4:36:35 PM > Config.Load: Config file config.xml loaded succesfully.
4:36:35 PM > PlayerDB.Load: Done loading player DB (0 records) in 11ms. MaxID=255
4:36:35 PM > IPBanList.Load: Done loading IP ban list (0 records).
4:36:35 PM > CommandManager: 186 commands registered (6 hidden, 144 aliases)
4:36:35 PM > PluginManager: No plugins found
4:36:35 PM > Checking for 800Craft updates...
4:36:35 PM > ERROR: An error occured while trying to check for updates: System.Net.WebException: The remote server returned an error: (404) Not Found.
4:36:35 PM > Backed up server data to "databackups\LegendCraftData_20120828_16-36-35.zip"
4:36:36 PM > Server.Run: now accepting connections at 67.86.92.193:25565
4:36:36 PM > All available worlds: main
4:36:36 PM > Main world: main; default rank: guest
4:36:36 PM > WoM Direct heartbeat is enabled. To edit your server's appearence on the server list, see https://direct.worldofminecraft.com/server.php?ip=67.86.92.193&port=25565&salt=trBEkpDjuFlw4QVoSFNhTSN8vPtwI4r9
4:36:36 PM > Warning: PortalDB file does not exist.
4:36:47 PM > Warning: heartbeatsaver.exe does not exist and failed to launch
4:36:47 PM > Server shutting down (ProcessClosing)
4:36:47 PM > Saved map to C:\Users\Jonah\Desktop\Legend Craft\Legend Craft Source\bin\Debug\maps\main.fcm
4:36:47 PM > PlayerDB.Save: Saved player database (0 records) in 3ms
4:36:47 PM > IPBanList.Save: Saving IP ban list (0 records).
4:36:56 PM > ------ Log Starts Tuesday, August 28, 2012 (8/28/2012) ------
4:36:56 PM > Working directory: C:\Users\Jonah\Desktop\Legend Craft\Legend Craft Source\bin\Debug
4:36:56 PM > Log path: C:\Users\Jonah\Desktop\Legend Craft\Legend Craft Source\bin\Debug\logs
4:36:56 PM > Map path: C:\Users\Jonah\Desktop\Legend Craft\Legend Craft Source\bin\Debug\maps
4:36:56 PM > Config path: C:\Users\Jonah\Desktop\Legend Craft\Legend Craft Source\bin\Debug\config.xml
4:36:56 PM > Config.Load: Config file config.xml loaded succesfully.
4:36:56 PM > PlayerDB.Load: Done loading player DB (0 records) in 11ms. MaxID=255
4:36:56 PM > IPBanList.Load: Done loading IP ban list (0 records).
4:36:56 PM > CommandManager: 186 commands registered (6 hidden, 144 aliases)
4:36:56 PM > PluginManager: No plugins found
4:36:56 PM > Checking for 800Craft updates...
4:36:56 PM > ERROR: An error occured while trying to check for updates: System.Net.WebException: The remote server returned an error: (404) Not Found.
4:36:56 PM > Backed up server data to "databackups\LegendCraftData_20120828_16-36-56.zip"
4:36:57 PM > Server.Run: now accepting connections at 67.86.92.193:25565
4:36:57 PM > All available worlds: main
4:36:57 PM > Main world: main; default rank: guest
4:36:57 PM > WoM Direct heartbeat is enabled. To edit your server's appearence on the server list, see https://direct.worldofminecraft.com/server.php?ip=67.86.92.193&port=25565&salt=fmC9O1QOu7sQnAp6qSXB0HBLKKVyCOUz
4:36:57 PM > Warning: PortalDB file does not exist.
4:37:10 PM > (console): /help credits
4:37:10 PM > # /credts
4:37:10 PM > # Aliases: credit
4:37:10 PM > # Displays the credits of LegendCraft
4:37:10 PM > # This command requires guest+ rank.
4:37:16 PM > (console): /credit
4:37:16 PM > #  LegendCraft was developed by LeChosenOne and Dingus. LegendCraft was based off of 800Craft, developed by Jonty800, GlennMR, and Lao Tszy. 800Craft was developed by fragmer. Thanks to everyone who contributed to these softwares. And thank you for using LegendCraft!
4:37:32 PM > Warning: heartbeatsaver.exe does not exist and failed to launch
4:37:32 PM > Server shutting down (ProcessClosing)
4:37:32 PM > Saved map to C:\Users\Jonah\Desktop\Legend Craft\Legend Craft Source\bin\Debug\maps\main.fcm
4:37:32 PM > PlayerDB.Save: Saved player database (0 records) in 3ms
4:37:32 PM > IPBanList.Save: Saving IP ban list (0 records).
4:38:14 PM > ------ Log Starts Tuesday, August 28, 2012 (8/28/2012) ------
4:38:14 PM > Working directory: C:\Users\Jonah\Desktop\Legend Craft\Legend Craft Source\bin\Debug
4:38:14 PM > Log path: C:\Users\Jonah\Desktop\Legend Craft\Legend Craft Source\bin\Debug\logs
4:38:14 PM > Map path: C:\Users\Jonah\Desktop\Legend Craft\Legend Craft Source\bin\Debug\maps
4:38:14 PM > Config path: C:\Users\Jonah\Desktop\Legend Craft\Legend Craft Source\bin\Debug\config.xml
4:38:15 PM > Config.Load: Config file config.xml loaded succesfully.
4:38:15 PM > PlayerDB.Load: Done loading player DB (0 records) in 11ms. MaxID=255
4:38:15 PM > IPBanList.Load: Done loading IP ban list (0 records).
4:38:15 PM > CommandManager: 186 commands registered (6 hidden, 144 aliases)
4:38:15 PM > PluginManager: No plugins found
4:38:15 PM > Checking for 800Craft updates...
4:38:15 PM > ERROR: An error occured while trying to check for updates: System.Net.WebException: The remote server returned an error: (404) Not Found.
4:38:15 PM > Backed up server data to "databackups\LegendCraftData_20120828_16-38-15.zip"
4:38:16 PM > Server.Run: now accepting connections at 67.86.92.193:25565
4:38:16 PM > All available worlds: main
4:38:16 PM > Main world: main; default rank: guest
4:38:16 PM > WoM Direct heartbeat is enabled. To edit your server's appearence on the server list, see https://direct.worldofminecraft.com/server.php?ip=67.86.92.193&port=25565&salt=wp3e7p6NqdXiSqFRxrfu7nNErREceNQk
4:38:16 PM > Warning: PortalDB file does not exist.
4:38:23 PM > (console): /credit
4:38:23 PM > #  LegendCraft was developed by LeChosenOne and Dingus. LegendCraft was based off of 800Craft, developed by Jonty800, GlennMR, and Lao Tszy. 800Craft was developed by fragmer. Thanks to everyone who contributed to these softwares. And thank you for using LegendCraft!
4:38:29 PM > Warning: heartbeatsaver.exe does not exist and failed to launch
4:38:29 PM > Server shutting down (ProcessClosing)
4:38:29 PM > Saved map to C:\Users\Jonah\Desktop\Legend Craft\Legend Craft Source\bin\Debug\maps\main.fcm
4:38:29 PM > PlayerDB.Save: Saved player database (0 records) in 2ms
4:38:29 PM > IPBanList.Save: Saving IP ban list (0 records).
4:40:23 PM > ------ Log Starts Tuesday, August 28, 2012 (8/28/2012) ------
4:40:23 PM > Working directory: C:\Users\Jonah\Desktop\Legend Craft\Legend Craft Source\bin\Debug
4:40:23 PM > Log path: C:\Users\Jonah\Desktop\Legend Craft\Legend Craft Source\bin\Debug\logs
4:40:23 PM > Map path: C:\Users\Jonah\Desktop\Legend Craft\Legend Craft Source\bin\Debug\maps
4:40:23 PM > Config path: C:\Users\Jonah\Desktop\Legend Craft\Legend Craft Source\bin\Debug\config.xml
4:40:24 PM > Config.Load: Config file config.xml loaded succesfully.
4:40:24 PM > PlayerDB.Load: Done loading player DB (0 records) in 11ms. MaxID=255
4:40:24 PM > IPBanList.Load: Done loading IP ban list (0 records).
4:40:24 PM > CommandManager: 186 commands registered (6 hidden, 144 aliases)
4:40:24 PM > PluginManager: No plugins found
4:40:24 PM > Checking for 800Craft updates...
4:40:24 PM > ERROR: An error occured while trying to check for updates: System.Net.WebException: The remote server returned an error: (404) Not Found.
4:40:24 PM > Backed up server data to "databackups\LegendCraftData_20120828_16-40-24.zip"
4:40:25 PM > Server.Run: now accepting connections at 67.86.92.193:25565
4:40:25 PM > All available worlds: main
4:40:25 PM > Main world: main; default rank: guest
4:40:25 PM > WoM Direct heartbeat is enabled. To edit your server's appearence on the server list, see https://direct.worldofminecraft.com/server.php?ip=67.86.92.193&port=25565&salt=vJQgbpX9FZ3NCYCy2IgQ8cYFYSrvkjLi
4:40:25 PM > Warning: PortalDB file does not exist.
4:40:40 PM > (console): /credit
4:40:40 PM > #  LegendCraft was developed by LeChosenOne and Dingus. LegendCraft was based off of 800Craft, developed by Jonty800, GlennMR, and Lao Tszy. 800Craft was developed by fragmer. Thanks to everyone who contributed to these softwares. And thank you for using LegendCraft!
4:40:43 PM > Warning: heartbeatsaver.exe does not exist and failed to launch
4:40:43 PM > Server shutting down (ProcessClosing)
4:40:43 PM > Saved map to C:\Users\Jonah\Desktop\Legend Craft\Legend Craft Source\bin\Debug\maps\main.fcm
4:40:43 PM > PlayerDB.Save: Saved player database (0 records) in 2ms
4:40:43 PM > IPBanList.Save: Saving IP ban list (0 records).
4:40:47 PM > ------ Log Starts Tuesday, August 28, 2012 (8/28/2012) ------
4:40:47 PM > Working directory: C:\Users\Jonah\Desktop\Legend Craft\Legend Craft Source\bin\Debug
4:40:47 PM > Log path: C:\Users\Jonah\Desktop\Legend Craft\Legend Craft Source\bin\Debug\logs
4:40:47 PM > Map path: C:\Users\Jonah\Desktop\Legend Craft\Legend Craft Source\bin\Debug\maps
4:40:47 PM > Config path: C:\Users\Jonah\Desktop\Legend Craft\Legend Craft Source\bin\Debug\config.xml
4:40:48 PM > Config.Load: Config file config.xml loaded succesfully.
4:40:48 PM > PlayerDB.Load: Done loading player DB (0 records) in 25ms. MaxID=255
4:40:48 PM > IPBanList.Load: Done loading IP ban list (0 records).
4:40:48 PM > CommandManager: 186 commands registered (6 hidden, 144 aliases)
4:40:48 PM > PluginManager: No plugins found
4:40:48 PM > Checking for 800Craft updates...
4:40:49 PM > ERROR: An error occured while trying to check for updates: System.Net.WebException: The remote server returned an error: (404) Not Found.
4:40:49 PM > Backed up server data to "databackups\LegendCraftData_20120828_16-40-49.zip"
4:40:49 PM > Server.Run: now accepting connections at 67.86.92.193:25565
4:40:49 PM > All available worlds: main
4:40:49 PM > Main world: main; default rank: guest
4:40:49 PM > WoM Direct heartbeat is enabled. To edit your server's appearence on the server list, see https://direct.worldofminecraft.com/server.php?ip=67.86.92.193&port=25565&salt=8amOk1OOwkg9xbEmD847QIMh8aM1uwoe
4:40:49 PM > Warning: PortalDB file does not exist.
4:40:53 PM > (console): /credits
4:40:53 PM > #  LegendCraft was developed by LeChosenOne and Dingus. LegendCraft was based off of 800Craft, developed by Jonty800, GlennMR, and Lao Tszy. 800Craft was developed by fragmer. Thanks to everyone who contributed to these softwares. And thank you for using LegendCraft!
4:41:44 PM > ------ Log Starts Tuesday, August 28, 2012 (8/28/2012) ------
4:41:44 PM > Working directory: C:\Users\Jonah\Desktop\Legend Craft\Legend Craft Source\bin\Debug
4:41:44 PM > Log path: C:\Users\Jonah\Desktop\Legend Craft\Legend Craft Source\bin\Debug\logs
4:41:44 PM > Map path: C:\Users\Jonah\Desktop\Legend Craft\Legend Craft Source\bin\Debug\maps
4:41:44 PM > Config path: C:\Users\Jonah\Desktop\Legend Craft\Legend Craft Source\bin\Debug\config.xml
4:41:44 PM > Config.Load: Config file config.xml loaded succesfully.
4:41:44 PM > PlayerDB.Load: Done loading player DB (0 records) in 25ms. MaxID=255
4:41:44 PM > IPBanList.Load: Done loading IP ban list (0 records).
4:41:44 PM > CommandManager: 186 commands registered (6 hidden, 144 aliases)
4:41:44 PM > PluginManager: No plugins found
4:41:44 PM > Checking for 800Craft updates...
4:41:45 PM > ERROR: An error occured while trying to check for updates: System.Net.WebException: The remote server returned an error: (404) Not Found.
4:41:45 PM > Backed up server data to "databackups\LegendCraftData_20120828_16-41-45.zip"
4:41:45 PM > Server.Run: now accepting connections at 67.86.92.193:25565
4:41:45 PM > All available worlds: main
4:41:45 PM > Main world: main; default rank: guest
4:41:45 PM > WoM Direct heartbeat is enabled. To edit your server's appearence on the server list, see https://direct.worldofminecraft.com/server.php?ip=67.86.92.193&port=25565&salt=BeyzJ0RiiBmSOigPhvIBJToLIc3mNJ0v
4:41:45 PM > Warning: PortalDB file does not exist.
4:41:52 PM > (console): /banhammer
4:41:59 PM > # Unknown command "ge". See /Commands
4:42:05 PM > (console): /jelly
4:42:09 PM > ------ Log Starts Tuesday, August 28, 2012 (8/28/2012) ------
4:42:09 PM > Working directory: C:\Users\Jonah\Desktop\Legend Craft\Legend Craft Source\bin\Debug
4:42:09 PM > Log path: C:\Users\Jonah\Desktop\Legend Craft\Legend Craft Source\bin\Debug\logs
4:42:09 PM > Map path: C:\Users\Jonah\Desktop\Legend Craft\Legend Craft Source\bin\Debug\maps
4:42:09 PM > Config path: C:\Users\Jonah\Desktop\Legend Craft\Legend Craft Source\bin\Debug\config.xml
4:42:09 PM > Config.Load: Config file config.xml loaded succesfully.
4:42:09 PM > PlayerDB.Load: Done loading player DB (0 records) in 11ms. MaxID=255
4:42:09 PM > IPBanList.Load: Done loading IP ban list (0 records).
4:42:10 PM > CommandManager: 186 commands registered (6 hidden, 144 aliases)
4:42:10 PM > PluginManager: No plugins found
4:42:10 PM > Checking for 800Craft updates...
4:42:10 PM > ERROR: An error occured while trying to check for updates: System.Net.WebException: The remote server returned an error: (404) Not Found.
4:42:10 PM > Backed up server data to "databackups\LegendCraftData_20120828_16-42-10.zip"
4:42:11 PM > Server.Run: now accepting connections at 67.86.92.193:25565
4:42:11 PM > All available worlds: main
4:42:11 PM > Main world: main; default rank: guest
4:42:11 PM > WoM Direct heartbeat is enabled. To edit your server's appearence on the server list, see https://direct.worldofminecraft.com/server.php?ip=67.86.92.193&port=25565&salt=zzByP9xzE607lmZKbY3fryF23RXrUZ1y
4:42:11 PM > Warning: PortalDB file does not exist.
4:42:13 PM > (console): /help
4:42:14 PM > #   To see a list of all commands, write /Commands
4:42:14 PM > #   To see detailed help for a command, write /Help Command
4:42:14 PM > #   To list available worlds, write /Worlds
4:42:14 PM > #   To join a world, write /Join WorldName
4:42:14 PM > #   To send private messages, write @PlayerName Message
4:42:19 PM > (console): /fly
4:42:19 PM > # You cannot use this command from console.
4:42:25 PM > (console): /credit
4:42:25 PM > #  LegendCraft was developed by LeChosenOne and Dingus. LegendCraft was based off of 800Craft, developed by Jonty800, GlennMR, and Lao Tszy. 800Craft was developed by fragmer. Thanks to everyone who contributed to these softwares. And thank you for using LegendCraft!
4:42:31 PM > Warning: heartbeatsaver.exe does not exist and failed to launch
4:42:31 PM > Server shutting down (ProcessClosing)
4:42:31 PM > Saved map to C:\Users\Jonah\Desktop\Legend Craft\Legend Craft Source\bin\Debug\maps\main.fcm
4:42:31 PM > PlayerDB.Save: Saved player database (0 records) in 1ms
4:42:31 PM > IPBanList.Save: Saving IP ban list (0 records).
4:43:53 PM > ------ Log Starts Tuesday, August 28, 2012 (8/28/2012) ------
4:43:53 PM > Working directory: C:\Users\Jonah\Desktop\Legend Craft\Legend Craft Source\bin\Debug
4:43:53 PM > Log path: C:\Users\Jonah\Desktop\Legend Craft\Legend Craft Source\bin\Debug\logs
4:43:53 PM > Map path: C:\Users\Jonah\Desktop\Legend Craft\Legend Craft Source\bin\Debug\maps
4:43:53 PM > Config path: C:\Users\Jonah\Desktop\Legend Craft\Legend Craft Source\bin\Debug\config.xml
4:43:54 PM > Config.Load: Config file config.xml loaded succesfully.
4:43:54 PM > PlayerDB.Load: Done loading player DB (0 records) in 25ms. MaxID=255
4:43:54 PM > IPBanList.Load: Done loading IP ban list (0 records).
4:43:54 PM > CommandManager: 186 commands registered (6 hidden, 144 aliases)
4:43:54 PM > PluginManager: No plugins found
4:43:54 PM > Checking for 800Craft updates...
4:43:55 PM > ERROR: An error occured while trying to check for updates: System.Net.WebException: The remote server returned an error: (404) Not Found.
4:43:55 PM > Backed up server data to "databackups\LegendCraftData_20120828_16-43-55.zip"
4:43:56 PM > Server.Run: now accepting connections at 67.86.92.193:25565
4:43:56 PM > All available worlds: main
4:43:56 PM > Main world: main; default rank: guest
4:43:56 PM > WoM Direct heartbeat is enabled. To edit your server's appearence on the server list, see https://direct.worldofminecraft.com/server.php?ip=67.86.92.193&port=25565&salt=2dNlCtURU6fXIEuGqzB4QagfRuX9n6Gf
4:43:56 PM > Warning: PortalDB file does not exist.
4:44:00 PM > (console): /credit
4:44:00 PM > #  LegendCraft was developed by LeChosenOne and Dingus. LegendCraft was based off of 800Craft, developed by Jonty800, GlennMR, and Lao Tszy. 800Craft was developed by fragmer. Thanks to everyone who contributed to these softwares. And thank you for using LegendCraft!
4:44:03 PM > Warning: heartbeatsaver.exe does not exist and failed to launch
4:44:03 PM > Server shutting down (ProcessClosing)
4:44:04 PM > Saved map to C:\Users\Jonah\Desktop\Legend Craft\Legend Craft Source\bin\Debug\maps\main.fcm
4:44:04 PM > PlayerDB.Save: Saved player database (0 records) in 2ms
4:44:04 PM > IPBanList.Save: Saving IP ban list (0 records).
4:46:02 PM > ------ Log Starts Tuesday, August 28, 2012 (8/28/2012) ------
4:46:02 PM > Working directory: C:\Users\Jonah\Desktop\Legend Craft\Legend Craft Source\bin\Debug
4:46:02 PM > Log path: C:\Users\Jonah\Desktop\Legend Craft\Legend Craft Source\bin\Debug\logs
4:46:02 PM > Map path: C:\Users\Jonah\Desktop\Legend Craft\Legend Craft Source\bin\Debug\maps
4:46:02 PM > Config path: C:\Users\Jonah\Desktop\Legend Craft\Legend Craft Source\bin\Debug\config.xml
4:46:02 PM > Config.Load: Config file config.xml loaded succesfully.
4:46:02 PM > PlayerDB.Load: Done loading player DB (0 records) in 11ms. MaxID=255
4:46:02 PM > IPBanList.Load: Done loading IP ban list (0 records).
4:46:03 PM > CommandManager: 186 commands registered (6 hidden, 144 aliases)
4:46:03 PM > PluginManager: No plugins found
4:46:03 PM > Checking for 800Craft updates...
4:46:03 PM > ERROR: An error occured while trying to check for updates: System.Net.WebException: The remote server returned an error: (404) Not Found.
4:46:03 PM > Backed up server data to "databackups\LegendCraftData_20120828_16-46-03.zip"
4:46:04 PM > Server.Run: now accepting connections at 67.86.92.193:25565
4:46:04 PM > All available worlds: main
4:46:04 PM > Main world: main; default rank: guest
4:46:04 PM > WoM Direct heartbeat is enabled. To edit your server's appearence on the server list, see https://direct.worldofminecraft.com/server.php?ip=67.86.92.193&port=25565&salt=w4uuh2hrPRLTFDit25vSFer1rUkA9j3e
4:46:04 PM > Warning: PortalDB file does not exist.
4:46:07 PM > (console): /credit
4:46:07 PM > #  LegendCraft was developed by LeChosenOne and Dingus. LegendCraft was based off of 800Craft developed by Jonty800, GlennMR, and Lao Tszy. 800Craft was based off of fCraft developed by fragmer. Thanks to everyone who contributed to these softwares. And thank you for using LegendCraft!
4:46:15 PM > Warning: heartbeatsaver.exe does not exist and failed to launch
4:46:15 PM > Server shutting down (ProcessClosing)
4:46:16 PM > Saved map to C:\Users\Jonah\Desktop\Legend Craft\Legend Craft Source\bin\Debug\maps\main.fcm
4:46:16 PM > PlayerDB.Save: Saved player database (0 records) in 3ms
4:46:16 PM > IPBanList.Save: Saving IP ban list (0 records).
4:49:05 PM > ------ Log Starts Tuesday, August 28, 2012 (8/28/2012) ------
4:49:05 PM > Working directory: C:\Users\Jonah\Desktop\Legend Craft\Legend Craft Source\bin\Debug
4:49:05 PM > Log path: C:\Users\Jonah\Desktop\Legend Craft\Legend Craft Source\bin\Debug\logs
4:49:05 PM > Map path: C:\Users\Jonah\Desktop\Legend Craft\Legend Craft Source\bin\Debug\maps
4:49:05 PM > Config path: C:\Users\Jonah\Desktop\Legend Craft\Legend Craft Source\bin\Debug\config.xml
4:49:05 PM > Config.Load: Config file config.xml loaded succesfully.
4:49:05 PM > PlayerDB.Load: Done loading player DB (0 records) in 11ms. MaxID=255
4:49:05 PM > IPBanList.Load: Done loading IP ban list (0 records).
4:49:05 PM > CommandManager: 186 commands registered (6 hidden, 144 aliases)
4:49:05 PM > PluginManager: No plugins found
4:49:05 PM > Checking for 800Craft updates...
4:49:05 PM > ERROR: An error occured while trying to check for updates: System.Net.WebException: The remote server returned an error: (404) Not Found.
4:49:05 PM > Backed up server data to "databackups\LegendCraftData_20120828_16-49-05.zip"
4:49:06 PM > Server.Run: now accepting connections at 67.86.92.193:25565
4:49:06 PM > All available worlds: main
4:49:06 PM > Main world: main; default rank: guest
4:49:06 PM > WoM Direct heartbeat is enabled. To edit your server's appearence on the server list, see https://direct.worldofminecraft.com/server.php?ip=67.86.92.193&port=25565&salt=50y5pTdCRgvRR9qm8Qr87S0tvLBcxlj8
4:49:06 PM > Warning: PortalDB file does not exist.
4:49:24 PM > Warning: heartbeatsaver.exe does not exist and failed to launch
4:49:24 PM > Server shutting down (ProcessClosing)
4:49:25 PM > Saved map to C:\Users\Jonah\Desktop\Legend Craft\Legend Craft Source\bin\Debug\maps\main.fcm
4:49:25 PM > PlayerDB.Save: Saved player database (0 records) in 3ms
4:49:25 PM > IPBanList.Save: Saving IP ban list (0 records).
4:52:04 PM > ------ Log Starts Tuesday, August 28, 2012 (8/28/2012) ------
4:52:04 PM > Working directory: C:\Users\Jonah\Desktop\Legend Craft\Legend Craft Source\bin\Debug
4:52:04 PM > Log path: C:\Users\Jonah\Desktop\Legend Craft\Legend Craft Source\bin\Debug\logs
4:52:04 PM > Map path: C:\Users\Jonah\Desktop\Legend Craft\Legend Craft Source\bin\Debug\maps
4:52:04 PM > Config path: C:\Users\Jonah\Desktop\Legend Craft\Legend Craft Source\bin\Debug\config.xml
4:52:05 PM > Config.Load: Config file config.xml loaded succesfully.
4:52:05 PM > PlayerDB.Load: Done loading player DB (0 records) in 6ms. MaxID=255
4:52:05 PM > IPBanList.Load: Done loading IP ban list (0 records).
4:52:05 PM > CommandManager: 186 commands registered (6 hidden, 144 aliases)
4:52:05 PM > PluginManager: No plugins found
4:52:05 PM > Checking for 800Craft updates...
4:52:05 PM > ERROR: An error occured while trying to check for updates: System.Net.WebException: The remote server returned an error: (404) Not Found.
4:52:05 PM > Backed up server data to "databackups\LegendCraftData_20120828_16-52-05.zip"
4:52:06 PM > Server.Run: now accepting connections at 67.86.92.193:25565
4:52:06 PM > All available worlds: main
4:52:06 PM > Main world: main; default rank: guest
4:52:06 PM > WoM Direct heartbeat is enabled. To edit your server's appearence on the server list, see https://direct.worldofminecraft.com/server.php?ip=67.86.92.193&port=25565&salt=Vu66CjI33cd71oDGGaPC1T3BwtuwbGpr
4:52:06 PM > Warning: PortalDB file does not exist.
4:53:15 PM > (console): hi
4:53:18 PM > (console): /help credit
4:53:18 PM > # /credits
4:53:18 PM > # Aliases: credit
4:53:18 PM > # Displays the credits of LegendCraft
4:53:18 PM > # This command requires guest+ rank.
4:53:51 PM > PlayerDB.Save: Saved player database (0 records) in 2ms
4:53:54 PM > Warning: heartbeatsaver.exe does not exist and failed to launch
4:53:54 PM > Server shutting down (ProcessClosing)
4:53:54 PM > Saved map to C:\Users\Jonah\Desktop\Legend Craft\Legend Craft Source\bin\Debug\maps\main.fcm
4:53:54 PM > PlayerDB.Save: Saved player database (0 records) in 2ms
4:53:54 PM > IPBanList.Save: Saving IP ban list (0 records).
1:18:51 PM > ------ Log Starts Wednesday, August 29, 2012 (8/29/2012) ------
1:18:51 PM > Working directory: C:\Users\Jonah\Desktop\Legend Craft\Legend Craft Source\bin\Debug
1:18:51 PM > Log path: C:\Users\Jonah\Desktop\Legend Craft\Legend Craft Source\bin\Debug\logs
1:18:51 PM > Map path: C:\Users\Jonah\Desktop\Legend Craft\Legend Craft Source\bin\Debug\maps
1:18:51 PM > Config path: C:\Users\Jonah\Desktop\Legend Craft\Legend Craft Source\bin\Debug\config.xml
1:18:51 PM > Config.Load: Config file config.xml loaded succesfully.
1:18:51 PM > PlayerDB.Load: Done loading player DB (0 records) in 18ms. MaxID=255
1:18:51 PM > IPBanList.Load: Done loading IP ban list (0 records).
1:18:51 PM > CommandManager: 186 commands registered (6 hidden, 144 aliases)
1:18:51 PM > PluginManager: No plugins found
1:18:51 PM > Checking for 800Craft updates...
1:18:51 PM > ERROR: An error occured while trying to check for updates: System.Net.WebException: The remote server returned an error: (404) Not Found.
1:18:51 PM > Backed up server data to "databackups\LegendCraftData_20120829_13-18-51.zip"
1:18:51 PM > ERROR: Could not start listening on port 25565, stopping. (Only one usage of each socket address (protocol/network address/port) is normally permitted)
1:18:52 PM > Warning: heartbeatsaver.exe does not exist and failed to launch
1:18:52 PM > Server shutting down (FailedToStart)
1:18:52 PM > Saved map to C:\Users\Jonah\Desktop\Legend Craft\Legend Craft Source\bin\Debug\maps\main.fcm
1:18:52 PM > PlayerDB.Save: Saved player database (0 records) in 0ms
1:18:52 PM > IPBanList.Save: Saving IP ban list (0 records).
8:10:06 PM > ------ Log Starts Tuesday, September 04, 2012 (9/4/2012) ------
8:10:06 PM > Working directory: C:\Users\Jonah\Desktop\Legend Craft\Legend Craft Source\bin\Debug
8:10:06 PM > Log path: C:\Users\Jonah\Desktop\Legend Craft\Legend Craft Source\bin\Debug\logs
8:10:06 PM > Map path: C:\Users\Jonah\Desktop\Legend Craft\Legend Craft Source\bin\Debug\maps
8:10:06 PM > Config path: C:\Users\Jonah\Desktop\Legend Craft\Legend Craft Source\bin\Debug\config.xml
8:10:06 PM > Config.Load: Config file config.xml loaded succesfully.
8:10:06 PM > PlayerDB.Load: Done loading player DB (0 records) in 32ms. MaxID=255
8:10:06 PM > IPBanList.Load: Done loading IP ban list (0 records).
8:10:07 PM > CommandManager: 186 commands registered (6 hidden, 145 aliases)
8:10:07 PM > PluginManager: No plugins found
8:10:07 PM > Checking for 800Craft updates...
8:10:07 PM > ERROR: An error occured while trying to check for updates: System.Net.WebException: The remote server returned an error: (404) Not Found.
8:10:07 PM > Backed up server data to "databackups\LegendCraftData_20120904_20-10-07.zip"
8:10:08 PM > Server.Run: now accepting connections at 67.86.92.193:25565
8:10:08 PM > All available worlds: main
8:10:08 PM > Main world: main; default rank: guest
8:10:08 PM > WoM Direct heartbeat is enabled. To edit your server's appearence on the server list, see https://direct.worldofminecraft.com/server.php?ip=67.86.92.193&port=25565&salt=YvrhcgTk6F3lvVVXDaFpDbxDG4lMnENg
8:10:08 PM > Warning: PortalDB file does not exist.
8:10:16 PM > Warning: heartbeatsaver.exe does not exist and failed to launch
8:10:16 PM > Server shutting down (ProcessClosing)
8:10:16 PM > Saved map to C:\Users\Jonah\Desktop\Legend Craft\Legend Craft Source\bin\Debug\maps\main.fcm
8:10:16 PM > PlayerDB.Save: Saved player database (0 records) in 2ms
8:10:16 PM > IPBanList.Save: Saving IP ban list (0 records).
